2026-01-21 09:58:41,822 - INFO - oil_simulation - Simulation started.
2026-01-21 09:58:41,823 - INFO - oil_simulation - Config file: input.toml
2026-01-21 09:58:41,823 - INFO - oil_simulation - Simulation parameters (from TOML):
2026-01-21 09:58:41,823 - INFO - oil_simulation -   nSteps = 250
2026-01-21 09:58:41,823 - INFO - oil_simulation -   tEnd = 0.5
2026-01-21 09:58:41,823 - INFO - oil_simulation -   meshName = bay.msh
2026-01-21 09:58:41,823 - INFO - oil_simulation -   borders = [[0.0, 0.45], [0.0, 0.2]]
2026-01-21 09:58:41,823 - INFO - oil_simulation -   logName = log
2026-01-21 09:58:41,823 - INFO - oil_simulation -   writeFrequency = 10
2026-01-21 09:58:55,531 - INFO - oil_simulation - fishing_ground_oil t=0.000000 oil=5.849449988321e-06
2026-01-21 09:58:55,581 - INFO - oil_simulation - fishing_ground_oil t=0.002 oil=0.000006
2026-01-21 09:59:01,013 - INFO - oil_simulation - fishing_ground_oil t=0.004 oil=0.000006
2026-01-21 09:59:01,083 - INFO - oil_simulation - fishing_ground_oil t=0.006 oil=0.000007
2026-01-21 09:59:01,151 - INFO - oil_simulation - fishing_ground_oil t=0.008 oil=0.000007
2026-01-21 09:59:01,204 - INFO - oil_simulation - fishing_ground_oil t=0.010 oil=0.000007
2026-01-21 09:59:01,255 - INFO - oil_simulation - fishing_ground_oil t=0.012 oil=0.000008
2026-01-21 09:59:01,305 - INFO - oil_simulation - fishing_ground_oil t=0.014 oil=0.000008
2026-01-21 09:59:01,365 - INFO - oil_simulation - fishing_ground_oil t=0.016 oil=0.000008
2026-01-21 09:59:01,443 - INFO - oil_simulation - fishing_ground_oil t=0.018 oil=0.000009
2026-01-21 09:59:01,540 - INFO - oil_simulation - fishing_ground_oil t=0.020 oil=0.000009
2026-01-21 09:59:01,620 - INFO - oil_simulation - fishing_ground_oil t=0.022 oil=0.000009
2026-01-21 09:59:07,296 - INFO - oil_simulation - fishing_ground_oil t=0.024 oil=0.000010
2026-01-21 09:59:07,348 - INFO - oil_simulation - fishing_ground_oil t=0.026 oil=0.000010
2026-01-21 09:59:07,398 - INFO - oil_simulation - fishing_ground_oil t=0.028 oil=0.000011
2026-01-21 09:59:07,449 - INFO - oil_simulation - fishing_ground_oil t=0.030 oil=0.000011
2026-01-21 09:59:07,498 - INFO - oil_simulation - fishing_ground_oil t=0.032 oil=0.000012
2026-01-21 09:59:07,564 - INFO - oil_simulation - fishing_ground_oil t=0.034 oil=0.000012
2026-01-21 09:59:07,627 - INFO - oil_simulation - fishing_ground_oil t=0.036 oil=0.000013
2026-01-21 09:59:07,676 - INFO - oil_simulation - fishing_ground_oil t=0.038 oil=0.000013
2026-01-21 09:59:07,729 - INFO - oil_simulation - fishing_ground_oil t=0.040 oil=0.000014
2026-01-21 09:59:07,787 - INFO - oil_simulation - fishing_ground_oil t=0.042 oil=0.000014
2026-01-21 09:59:12,567 - INFO - oil_simulation - fishing_ground_oil t=0.044 oil=0.000015
2026-01-21 09:59:12,616 - INFO - oil_simulation - fishing_ground_oil t=0.046 oil=0.000016
2026-01-21 09:59:12,667 - INFO - oil_simulation - fishing_ground_oil t=0.048 oil=0.000016
2026-01-21 09:59:12,717 - INFO - oil_simulation - fishing_ground_oil t=0.050 oil=0.000017
2026-01-21 09:59:12,769 - INFO - oil_simulation - fishing_ground_oil t=0.052 oil=0.000018
2026-01-21 09:59:12,819 - INFO - oil_simulation - fishing_ground_oil t=0.054 oil=0.000018
2026-01-21 09:59:12,877 - INFO - oil_simulation - fishing_ground_oil t=0.056 oil=0.000019
2026-01-21 09:59:12,926 - INFO - oil_simulation - fishing_ground_oil t=0.058 oil=0.000020
2026-01-21 09:59:12,978 - INFO - oil_simulation - fishing_ground_oil t=0.060 oil=0.000021
2026-01-21 09:59:13,027 - INFO - oil_simulation - fishing_ground_oil t=0.062 oil=0.000021
2026-01-21 09:59:17,577 - INFO - oil_simulation - fishing_ground_oil t=0.064 oil=0.000022
2026-01-21 09:59:17,627 - INFO - oil_simulation - fishing_ground_oil t=0.066 oil=0.000023
2026-01-21 09:59:17,677 - INFO - oil_simulation - fishing_ground_oil t=0.068 oil=0.000024
2026-01-21 09:59:17,728 - INFO - oil_simulation - fishing_ground_oil t=0.070 oil=0.000025
2026-01-21 09:59:17,776 - INFO - oil_simulation - fishing_ground_oil t=0.072 oil=0.000026
2026-01-21 09:59:17,829 - INFO - oil_simulation - fishing_ground_oil t=0.074 oil=0.000027
2026-01-21 09:59:17,884 - INFO - oil_simulation - fishing_ground_oil t=0.076 oil=0.000028
2026-01-21 09:59:17,937 - INFO - oil_simulation - fishing_ground_oil t=0.078 oil=0.000029
2026-01-21 09:59:17,988 - INFO - oil_simulation - fishing_ground_oil t=0.080 oil=0.000030
2026-01-21 09:59:18,039 - INFO - oil_simulation - fishing_ground_oil t=0.082 oil=0.000031
2026-01-21 09:59:22,865 - INFO - oil_simulation - fishing_ground_oil t=0.084 oil=0.000033
2026-01-21 09:59:22,917 - INFO - oil_simulation - fishing_ground_oil t=0.086 oil=0.000034
2026-01-21 09:59:22,969 - INFO - oil_simulation - fishing_ground_oil t=0.088 oil=0.000035
2026-01-21 09:59:23,020 - INFO - oil_simulation - fishing_ground_oil t=0.090 oil=0.000037
2026-01-21 09:59:23,071 - INFO - oil_simulation - fishing_ground_oil t=0.092 oil=0.000038
2026-01-21 09:59:23,123 - INFO - oil_simulation - fishing_ground_oil t=0.094 oil=0.000039
2026-01-21 09:59:23,174 - INFO - oil_simulation - fishing_ground_oil t=0.096 oil=0.000041
2026-01-21 09:59:23,225 - INFO - oil_simulation - fishing_ground_oil t=0.098 oil=0.000042
2026-01-21 09:59:23,276 - INFO - oil_simulation - fishing_ground_oil t=0.100 oil=0.000044
2026-01-21 09:59:23,327 - INFO - oil_simulation - fishing_ground_oil t=0.102 oil=0.000046
2026-01-21 09:59:28,728 - INFO - oil_simulation - fishing_ground_oil t=0.104 oil=0.000047
2026-01-21 09:59:28,782 - INFO - oil_simulation - fishing_ground_oil t=0.106 oil=0.000049
2026-01-21 09:59:28,834 - INFO - oil_simulation - fishing_ground_oil t=0.108 oil=0.000051
2026-01-21 09:59:28,904 - INFO - oil_simulation - fishing_ground_oil t=0.110 oil=0.000053
2026-01-21 09:59:28,955 - INFO - oil_simulation - fishing_ground_oil t=0.112 oil=0.000055
2026-01-21 09:59:29,012 - INFO - oil_simulation - fishing_ground_oil t=0.114 oil=0.000057
2026-01-21 09:59:29,064 - INFO - oil_simulation - fishing_ground_oil t=0.116 oil=0.000059
2026-01-21 09:59:29,119 - INFO - oil_simulation - fishing_ground_oil t=0.118 oil=0.000061
2026-01-21 09:59:29,170 - INFO - oil_simulation - fishing_ground_oil t=0.120 oil=0.000063
2026-01-21 09:59:29,236 - INFO - oil_simulation - fishing_ground_oil t=0.122 oil=0.000065
2026-01-21 09:59:34,297 - INFO - oil_simulation - fishing_ground_oil t=0.124 oil=0.000067
2026-01-21 09:59:34,356 - INFO - oil_simulation - fishing_ground_oil t=0.126 oil=0.000070
2026-01-21 09:59:34,433 - INFO - oil_simulation - fishing_ground_oil t=0.128 oil=0.000072
2026-01-21 09:59:34,486 - INFO - oil_simulation - fishing_ground_oil t=0.130 oil=0.000075
2026-01-21 09:59:34,536 - INFO - oil_simulation - fishing_ground_oil t=0.132 oil=0.000077
2026-01-21 09:59:34,591 - INFO - oil_simulation - fishing_ground_oil t=0.134 oil=0.000080
2026-01-21 09:59:34,641 - INFO - oil_simulation - fishing_ground_oil t=0.136 oil=0.000083
2026-01-21 09:59:34,692 - INFO - oil_simulation - fishing_ground_oil t=0.138 oil=0.000085
2026-01-21 09:59:34,742 - INFO - oil_simulation - fishing_ground_oil t=0.140 oil=0.000088
2026-01-21 09:59:34,803 - INFO - oil_simulation - fishing_ground_oil t=0.142 oil=0.000091
2026-01-21 09:59:39,448 - INFO - oil_simulation - fishing_ground_oil t=0.144 oil=0.000094
2026-01-21 09:59:39,500 - INFO - oil_simulation - fishing_ground_oil t=0.146 oil=0.000097
2026-01-21 09:59:39,554 - INFO - oil_simulation - fishing_ground_oil t=0.148 oil=0.000101
2026-01-21 09:59:39,606 - INFO - oil_simulation - fishing_ground_oil t=0.150 oil=0.000104
2026-01-21 09:59:39,657 - INFO - oil_simulation - fishing_ground_oil t=0.152 oil=0.000107
2026-01-21 09:59:39,712 - INFO - oil_simulation - fishing_ground_oil t=0.154 oil=0.000111
2026-01-21 09:59:39,763 - INFO - oil_simulation - fishing_ground_oil t=0.156 oil=0.000115
2026-01-21 09:59:39,814 - INFO - oil_simulation - fishing_ground_oil t=0.158 oil=0.000118
2026-01-21 09:59:39,874 - INFO - oil_simulation - fishing_ground_oil t=0.160 oil=0.000122
2026-01-21 09:59:39,926 - INFO - oil_simulation - fishing_ground_oil t=0.162 oil=0.000126
2026-01-21 09:59:44,671 - INFO - oil_simulation - fishing_ground_oil t=0.164 oil=0.000130
2026-01-21 09:59:44,721 - INFO - oil_simulation - fishing_ground_oil t=0.166 oil=0.000134
2026-01-21 09:59:44,772 - INFO - oil_simulation - fishing_ground_oil t=0.168 oil=0.000138
2026-01-21 09:59:44,822 - INFO - oil_simulation - fishing_ground_oil t=0.170 oil=0.000143
2026-01-21 09:59:44,880 - INFO - oil_simulation - fishing_ground_oil t=0.172 oil=0.000147
2026-01-21 09:59:44,930 - INFO - oil_simulation - fishing_ground_oil t=0.174 oil=0.000152
2026-01-21 09:59:45,038 - INFO - oil_simulation - fishing_ground_oil t=0.176 oil=0.000156
2026-01-21 09:59:45,169 - INFO - oil_simulation - fishing_ground_oil t=0.178 oil=0.000161
2026-01-21 09:59:45,277 - INFO - oil_simulation - fishing_ground_oil t=0.180 oil=0.000166
2026-01-21 09:59:45,354 - INFO - oil_simulation - fishing_ground_oil t=0.182 oil=0.000171
2026-01-21 09:59:49,943 - INFO - oil_simulation - fishing_ground_oil t=0.184 oil=0.000176
2026-01-21 09:59:49,993 - INFO - oil_simulation - fishing_ground_oil t=0.186 oil=0.000182
2026-01-21 09:59:50,045 - INFO - oil_simulation - fishing_ground_oil t=0.188 oil=0.000187
2026-01-21 09:59:50,094 - INFO - oil_simulation - fishing_ground_oil t=0.190 oil=0.000193
2026-01-21 09:59:50,147 - INFO - oil_simulation - fishing_ground_oil t=0.192 oil=0.000198
2026-01-21 09:59:50,197 - INFO - oil_simulation - fishing_ground_oil t=0.194 oil=0.000204
2026-01-21 09:59:50,249 - INFO - oil_simulation - fishing_ground_oil t=0.196 oil=0.000210
2026-01-21 09:59:50,303 - INFO - oil_simulation - fishing_ground_oil t=0.198 oil=0.000216
2026-01-21 09:59:50,362 - INFO - oil_simulation - fishing_ground_oil t=0.200 oil=0.000222
2026-01-21 09:59:50,414 - INFO - oil_simulation - fishing_ground_oil t=0.202 oil=0.000229
2026-01-21 09:59:55,018 - INFO - oil_simulation - fishing_ground_oil t=0.204 oil=0.000235
2026-01-21 09:59:55,071 - INFO - oil_simulation - fishing_ground_oil t=0.206 oil=0.000242
2026-01-21 09:59:55,120 - INFO - oil_simulation - fishing_ground_oil t=0.208 oil=0.000249
2026-01-21 09:59:55,173 - INFO - oil_simulation - fishing_ground_oil t=0.210 oil=0.000256
2026-01-21 09:59:55,225 - INFO - oil_simulation - fishing_ground_oil t=0.212 oil=0.000263
2026-01-21 09:59:55,281 - INFO - oil_simulation - fishing_ground_oil t=0.214 oil=0.000270
2026-01-21 09:59:55,330 - INFO - oil_simulation - fishing_ground_oil t=0.216 oil=0.000278
2026-01-21 09:59:55,386 - INFO - oil_simulation - fishing_ground_oil t=0.218 oil=0.000285
2026-01-21 09:59:55,435 - INFO - oil_simulation - fishing_ground_oil t=0.220 oil=0.000293
2026-01-21 09:59:55,487 - INFO - oil_simulation - fishing_ground_oil t=0.222 oil=0.000301
2026-01-21 10:00:00,711 - INFO - oil_simulation - fishing_ground_oil t=0.224 oil=0.000309
2026-01-21 10:00:00,781 - INFO - oil_simulation - fishing_ground_oil t=0.226 oil=0.000318
2026-01-21 10:00:00,856 - INFO - oil_simulation - fishing_ground_oil t=0.228 oil=0.000326
2026-01-21 10:00:00,926 - INFO - oil_simulation - fishing_ground_oil t=0.230 oil=0.000335
2026-01-21 10:00:01,005 - INFO - oil_simulation - fishing_ground_oil t=0.232 oil=0.000344
2026-01-21 10:00:01,090 - INFO - oil_simulation - fishing_ground_oil t=0.234 oil=0.000353
2026-01-21 10:00:01,192 - INFO - oil_simulation - fishing_ground_oil t=0.236 oil=0.000362
2026-01-21 10:00:01,340 - INFO - oil_simulation - fishing_ground_oil t=0.238 oil=0.000371
2026-01-21 10:00:01,436 - INFO - oil_simulation - fishing_ground_oil t=0.240 oil=0.000381
2026-01-21 10:00:01,500 - INFO - oil_simulation - fishing_ground_oil t=0.242 oil=0.000390
2026-01-21 10:00:07,787 - INFO - oil_simulation - fishing_ground_oil t=0.244 oil=0.000400
2026-01-21 10:00:07,838 - INFO - oil_simulation - fishing_ground_oil t=0.246 oil=0.000410
2026-01-21 10:00:07,890 - INFO - oil_simulation - fishing_ground_oil t=0.248 oil=0.000421
2026-01-21 10:00:07,941 - INFO - oil_simulation - fishing_ground_oil t=0.250 oil=0.000431
2026-01-21 10:00:07,991 - INFO - oil_simulation - fishing_ground_oil t=0.252 oil=0.000442
2026-01-21 10:00:08,046 - INFO - oil_simulation - fishing_ground_oil t=0.254 oil=0.000453
2026-01-21 10:00:08,096 - INFO - oil_simulation - fishing_ground_oil t=0.256 oil=0.000464
2026-01-21 10:00:08,148 - INFO - oil_simulation - fishing_ground_oil t=0.258 oil=0.000475
2026-01-21 10:00:08,203 - INFO - oil_simulation - fishing_ground_oil t=0.260 oil=0.000487
2026-01-21 10:00:08,267 - INFO - oil_simulation - fishing_ground_oil t=0.262 oil=0.000498
2026-01-21 10:00:13,713 - INFO - oil_simulation - fishing_ground_oil t=0.264 oil=0.000510
2026-01-21 10:00:13,763 - INFO - oil_simulation - fishing_ground_oil t=0.266 oil=0.000522
2026-01-21 10:00:13,814 - INFO - oil_simulation - fishing_ground_oil t=0.268 oil=0.000535
2026-01-21 10:00:13,865 - INFO - oil_simulation - fishing_ground_oil t=0.270 oil=0.000547
2026-01-21 10:00:13,927 - INFO - oil_simulation - fishing_ground_oil t=0.272 oil=0.000560
2026-01-21 10:00:13,996 - INFO - oil_simulation - fishing_ground_oil t=0.274 oil=0.000573
2026-01-21 10:00:14,107 - INFO - oil_simulation - fishing_ground_oil t=0.276 oil=0.000586
2026-01-21 10:00:14,162 - INFO - oil_simulation - fishing_ground_oil t=0.278 oil=0.000600
2026-01-21 10:00:14,223 - INFO - oil_simulation - fishing_ground_oil t=0.280 oil=0.000613
2026-01-21 10:00:14,362 - INFO - oil_simulation - fishing_ground_oil t=0.282 oil=0.000627
2026-01-21 10:00:19,392 - INFO - oil_simulation - fishing_ground_oil t=0.284 oil=0.000641
2026-01-21 10:00:19,444 - INFO - oil_simulation - fishing_ground_oil t=0.286 oil=0.000655
2026-01-21 10:00:19,493 - INFO - oil_simulation - fishing_ground_oil t=0.288 oil=0.000670
2026-01-21 10:00:19,544 - INFO - oil_simulation - fishing_ground_oil t=0.290 oil=0.000685
2026-01-21 10:00:19,593 - INFO - oil_simulation - fishing_ground_oil t=0.292 oil=0.000700
2026-01-21 10:00:19,644 - INFO - oil_simulation - fishing_ground_oil t=0.294 oil=0.000715
2026-01-21 10:00:19,695 - INFO - oil_simulation - fishing_ground_oil t=0.296 oil=0.000730
2026-01-21 10:00:19,746 - INFO - oil_simulation - fishing_ground_oil t=0.298 oil=0.000746
2026-01-21 10:00:19,795 - INFO - oil_simulation - fishing_ground_oil t=0.300 oil=0.000762
2026-01-21 10:00:19,845 - INFO - oil_simulation - fishing_ground_oil t=0.302 oil=0.000778
2026-01-21 10:00:24,724 - INFO - oil_simulation - fishing_ground_oil t=0.304 oil=0.000794
2026-01-21 10:00:24,775 - INFO - oil_simulation - fishing_ground_oil t=0.306 oil=0.000811
2026-01-21 10:00:24,827 - INFO - oil_simulation - fishing_ground_oil t=0.308 oil=0.000828
2026-01-21 10:00:24,878 - INFO - oil_simulation - fishing_ground_oil t=0.310 oil=0.000845
2026-01-21 10:00:24,929 - INFO - oil_simulation - fishing_ground_oil t=0.312 oil=0.000862
2026-01-21 10:00:24,981 - INFO - oil_simulation - fishing_ground_oil t=0.314 oil=0.000879
2026-01-21 10:00:25,031 - INFO - oil_simulation - fishing_ground_oil t=0.316 oil=0.000897
2026-01-21 10:00:25,083 - INFO - oil_simulation - fishing_ground_oil t=0.318 oil=0.000915
2026-01-21 10:00:25,134 - INFO - oil_simulation - fishing_ground_oil t=0.320 oil=0.000933
2026-01-21 10:00:25,186 - INFO - oil_simulation - fishing_ground_oil t=0.322 oil=0.000951
2026-01-21 10:00:30,013 - INFO - oil_simulation - fishing_ground_oil t=0.324 oil=0.000970
2026-01-21 10:00:30,065 - INFO - oil_simulation - fishing_ground_oil t=0.326 oil=0.000989
2026-01-21 10:00:30,116 - INFO - oil_simulation - fishing_ground_oil t=0.328 oil=0.001008
2026-01-21 10:00:30,170 - INFO - oil_simulation - fishing_ground_oil t=0.330 oil=0.001027
2026-01-21 10:00:30,222 - INFO - oil_simulation - fishing_ground_oil t=0.332 oil=0.001047
2026-01-21 10:00:30,274 - INFO - oil_simulation - fishing_ground_oil t=0.334 oil=0.001067
2026-01-21 10:00:30,327 - INFO - oil_simulation - fishing_ground_oil t=0.336 oil=0.001087
2026-01-21 10:00:30,381 - INFO - oil_simulation - fishing_ground_oil t=0.338 oil=0.001107
2026-01-21 10:00:30,435 - INFO - oil_simulation - fishing_ground_oil t=0.340 oil=0.001127
2026-01-21 10:00:30,486 - INFO - oil_simulation - fishing_ground_oil t=0.342 oil=0.001148
2026-01-21 10:00:35,360 - INFO - oil_simulation - fishing_ground_oil t=0.344 oil=0.001169
2026-01-21 10:00:35,411 - INFO - oil_simulation - fishing_ground_oil t=0.346 oil=0.001190
2026-01-21 10:00:35,464 - INFO - oil_simulation - fishing_ground_oil t=0.348 oil=0.001212
2026-01-21 10:00:35,515 - INFO - oil_simulation - fishing_ground_oil t=0.350 oil=0.001233
2026-01-21 10:00:35,565 - INFO - oil_simulation - fishing_ground_oil t=0.352 oil=0.001255
2026-01-21 10:00:35,615 - INFO - oil_simulation - fishing_ground_oil t=0.354 oil=0.001277
2026-01-21 10:00:35,666 - INFO - oil_simulation - fishing_ground_oil t=0.356 oil=0.001299
2026-01-21 10:00:35,716 - INFO - oil_simulation - fishing_ground_oil t=0.358 oil=0.001322
2026-01-21 10:00:35,766 - INFO - oil_simulation - fishing_ground_oil t=0.360 oil=0.001345
2026-01-21 10:00:35,816 - INFO - oil_simulation - fishing_ground_oil t=0.362 oil=0.001368
2026-01-21 10:00:40,665 - INFO - oil_simulation - fishing_ground_oil t=0.364 oil=0.001391
2026-01-21 10:00:40,716 - INFO - oil_simulation - fishing_ground_oil t=0.366 oil=0.001414
2026-01-21 10:00:40,770 - INFO - oil_simulation - fishing_ground_oil t=0.368 oil=0.001438
2026-01-21 10:00:40,821 - INFO - oil_simulation - fishing_ground_oil t=0.370 oil=0.001461
2026-01-21 10:00:40,877 - INFO - oil_simulation - fishing_ground_oil t=0.372 oil=0.001485
2026-01-21 10:00:40,928 - INFO - oil_simulation - fishing_ground_oil t=0.374 oil=0.001510
2026-01-21 10:00:40,979 - INFO - oil_simulation - fishing_ground_oil t=0.376 oil=0.001534
2026-01-21 10:00:41,031 - INFO - oil_simulation - fishing_ground_oil t=0.378 oil=0.001559
2026-01-21 10:00:41,081 - INFO - oil_simulation - fishing_ground_oil t=0.380 oil=0.001583
2026-01-21 10:00:41,134 - INFO - oil_simulation - fishing_ground_oil t=0.382 oil=0.001608
2026-01-21 10:00:45,942 - INFO - oil_simulation - fishing_ground_oil t=0.384 oil=0.001634
2026-01-21 10:00:45,994 - INFO - oil_simulation - fishing_ground_oil t=0.386 oil=0.001659
2026-01-21 10:00:46,045 - INFO - oil_simulation - fishing_ground_oil t=0.388 oil=0.001685
2026-01-21 10:00:46,096 - INFO - oil_simulation - fishing_ground_oil t=0.390 oil=0.001710
2026-01-21 10:00:46,148 - INFO - oil_simulation - fishing_ground_oil t=0.392 oil=0.001736
2026-01-21 10:00:46,199 - INFO - oil_simulation - fishing_ground_oil t=0.394 oil=0.001762
2026-01-21 10:00:46,252 - INFO - oil_simulation - fishing_ground_oil t=0.396 oil=0.001789
2026-01-21 10:00:46,303 - INFO - oil_simulation - fishing_ground_oil t=0.398 oil=0.001815
2026-01-21 10:00:46,355 - INFO - oil_simulation - fishing_ground_oil t=0.400 oil=0.001842
2026-01-21 10:00:46,407 - INFO - oil_simulation - fishing_ground_oil t=0.402 oil=0.001869
2026-01-21 10:00:51,342 - INFO - oil_simulation - fishing_ground_oil t=0.404 oil=0.001896
2026-01-21 10:00:51,393 - INFO - oil_simulation - fishing_ground_oil t=0.406 oil=0.001923
2026-01-21 10:00:51,446 - INFO - oil_simulation - fishing_ground_oil t=0.408 oil=0.001950
2026-01-21 10:00:51,497 - INFO - oil_simulation - fishing_ground_oil t=0.410 oil=0.001978
2026-01-21 10:00:51,549 - INFO - oil_simulation - fishing_ground_oil t=0.412 oil=0.002005
2026-01-21 10:00:51,600 - INFO - oil_simulation - fishing_ground_oil t=0.414 oil=0.002033
2026-01-21 10:00:51,653 - INFO - oil_simulation - fishing_ground_oil t=0.416 oil=0.002061
2026-01-21 10:00:51,703 - INFO - oil_simulation - fishing_ground_oil t=0.418 oil=0.002089
2026-01-21 10:00:51,756 - INFO - oil_simulation - fishing_ground_oil t=0.420 oil=0.002118
2026-01-21 10:00:51,807 - INFO - oil_simulation - fishing_ground_oil t=0.422 oil=0.002146
2026-01-21 10:00:56,802 - INFO - oil_simulation - fishing_ground_oil t=0.424 oil=0.002174
2026-01-21 10:00:56,855 - INFO - oil_simulation - fishing_ground_oil t=0.426 oil=0.002203
2026-01-21 10:00:56,914 - INFO - oil_simulation - fishing_ground_oil t=0.428 oil=0.002232
2026-01-21 10:00:56,971 - INFO - oil_simulation - fishing_ground_oil t=0.430 oil=0.002261
2026-01-21 10:00:57,027 - INFO - oil_simulation - fishing_ground_oil t=0.432 oil=0.002290
2026-01-21 10:00:57,078 - INFO - oil_simulation - fishing_ground_oil t=0.434 oil=0.002319
2026-01-21 10:00:57,131 - INFO - oil_simulation - fishing_ground_oil t=0.436 oil=0.002348
2026-01-21 10:00:57,183 - INFO - oil_simulation - fishing_ground_oil t=0.438 oil=0.002378
2026-01-21 10:00:57,238 - INFO - oil_simulation - fishing_ground_oil t=0.440 oil=0.002407
2026-01-21 10:00:57,299 - INFO - oil_simulation - fishing_ground_oil t=0.442 oil=0.002437
2026-01-21 10:01:02,235 - INFO - oil_simulation - fishing_ground_oil t=0.444 oil=0.002466
2026-01-21 10:01:02,288 - INFO - oil_simulation - fishing_ground_oil t=0.446 oil=0.002496
2026-01-21 10:01:02,343 - INFO - oil_simulation - fishing_ground_oil t=0.448 oil=0.002526
2026-01-21 10:01:02,395 - INFO - oil_simulation - fishing_ground_oil t=0.450 oil=0.002556
2026-01-21 10:01:02,449 - INFO - oil_simulation - fishing_ground_oil t=0.452 oil=0.002586
2026-01-21 10:01:02,502 - INFO - oil_simulation - fishing_ground_oil t=0.454 oil=0.002616
2026-01-21 10:01:02,555 - INFO - oil_simulation - fishing_ground_oil t=0.456 oil=0.002646
2026-01-21 10:01:02,605 - INFO - oil_simulation - fishing_ground_oil t=0.458 oil=0.002676
2026-01-21 10:01:02,657 - INFO - oil_simulation - fishing_ground_oil t=0.460 oil=0.002707
2026-01-21 10:01:02,707 - INFO - oil_simulation - fishing_ground_oil t=0.462 oil=0.002737
2026-01-21 10:01:07,472 - INFO - oil_simulation - fishing_ground_oil t=0.464 oil=0.002768
2026-01-21 10:01:07,525 - INFO - oil_simulation - fishing_ground_oil t=0.466 oil=0.002798
2026-01-21 10:01:07,575 - INFO - oil_simulation - fishing_ground_oil t=0.468 oil=0.002829
2026-01-21 10:01:07,627 - INFO - oil_simulation - fishing_ground_oil t=0.470 oil=0.002859
2026-01-21 10:01:07,678 - INFO - oil_simulation - fishing_ground_oil t=0.472 oil=0.002890
2026-01-21 10:01:07,729 - INFO - oil_simulation - fishing_ground_oil t=0.474 oil=0.002920
2026-01-21 10:01:07,780 - INFO - oil_simulation - fishing_ground_oil t=0.476 oil=0.002951
2026-01-21 10:01:07,831 - INFO - oil_simulation - fishing_ground_oil t=0.478 oil=0.002982
2026-01-21 10:01:07,883 - INFO - oil_simulation - fishing_ground_oil t=0.480 oil=0.003012
2026-01-21 10:01:07,937 - INFO - oil_simulation - fishing_ground_oil t=0.482 oil=0.003043
2026-01-21 10:01:12,866 - INFO - oil_simulation - fishing_ground_oil t=0.484 oil=0.003074
2026-01-21 10:01:12,918 - INFO - oil_simulation - fishing_ground_oil t=0.486 oil=0.003105
2026-01-21 10:01:12,973 - INFO - oil_simulation - fishing_ground_oil t=0.488 oil=0.003135
2026-01-21 10:01:13,024 - INFO - oil_simulation - fishing_ground_oil t=0.490 oil=0.003166
2026-01-21 10:01:13,076 - INFO - oil_simulation - fishing_ground_oil t=0.492 oil=0.003197
2026-01-21 10:01:13,128 - INFO - oil_simulation - fishing_ground_oil t=0.494 oil=0.003228
2026-01-21 10:01:13,182 - INFO - oil_simulation - fishing_ground_oil t=0.496 oil=0.003258
2026-01-21 10:01:13,235 - INFO - oil_simulation - fishing_ground_oil t=0.498 oil=0.003289
2026-01-21 10:01:13,289 - INFO - oil_simulation - fishing_ground_oil t=0.500 oil=0.003320
2026-01-21 10:01:13,289 - INFO - oil_simulation - Simulation summary:
2026-01-21 10:01:13,289 - INFO - oil_simulation -   t_end=0.500000
2026-01-21 10:01:13,289 - INFO - oil_simulation -   final_fishing_ground_oil=3.319781753235e-03
2026-01-21 10:01:13,289 - INFO - oil_simulation - Simulation summary (from main):
2026-01-21 10:01:13,290 - INFO - oil_simulation -   final_fishing_ground_oil = 3.319781753235e-03
