2026-01-19 10:25:08,559 - INFO - oil_simulation - Simulation started.
2026-01-19 10:25:08,559 - INFO - oil_simulation - Config file: input2.toml
2026-01-19 10:25:08,559 - INFO - oil_simulation - Simulation parameters (from TOML):
2026-01-19 10:25:08,559 - INFO - oil_simulation -   nSteps = 250
2026-01-19 10:25:08,559 - INFO - oil_simulation -   tEnd = 0.4
2026-01-19 10:25:08,559 - INFO - oil_simulation -   meshName = bay.msh
2026-01-19 10:25:08,559 - INFO - oil_simulation -   borders = [[0.0, 0.45], [0.0, 0.2]]
2026-01-19 10:25:08,559 - INFO - oil_simulation -   logName = log
2026-01-19 10:25:08,560 - INFO - oil_simulation -   writeFrequency = 20
2026-01-19 10:25:21,394 - INFO - oil_simulation - fishing_ground_oil t=0.000000 oil=5.849449988321e-06
2026-01-19 10:25:21,456 - INFO - oil_simulation - fishing_ground_oil t=0.002 oil=0.000006
2026-01-19 10:25:25,949 - INFO - oil_simulation - fishing_ground_oil t=0.003 oil=0.000006
2026-01-19 10:25:26,001 - INFO - oil_simulation - fishing_ground_oil t=0.005 oil=0.000007
2026-01-19 10:25:26,052 - INFO - oil_simulation - fishing_ground_oil t=0.006 oil=0.000007
2026-01-19 10:25:26,103 - INFO - oil_simulation - fishing_ground_oil t=0.008 oil=0.000007
2026-01-19 10:25:26,154 - INFO - oil_simulation - fishing_ground_oil t=0.010 oil=0.000007
2026-01-19 10:25:26,206 - INFO - oil_simulation - fishing_ground_oil t=0.011 oil=0.000008
2026-01-19 10:25:26,258 - INFO - oil_simulation - fishing_ground_oil t=0.013 oil=0.000008
2026-01-19 10:25:26,310 - INFO - oil_simulation - fishing_ground_oil t=0.014 oil=0.000008
2026-01-19 10:25:26,361 - INFO - oil_simulation - fishing_ground_oil t=0.016 oil=0.000008
2026-01-19 10:25:26,414 - INFO - oil_simulation - fishing_ground_oil t=0.018 oil=0.000009
2026-01-19 10:25:26,479 - INFO - oil_simulation - fishing_ground_oil t=0.019 oil=0.000009
2026-01-19 10:25:26,537 - INFO - oil_simulation - fishing_ground_oil t=0.021 oil=0.000009
2026-01-19 10:25:26,589 - INFO - oil_simulation - fishing_ground_oil t=0.022 oil=0.000010
2026-01-19 10:25:26,640 - INFO - oil_simulation - fishing_ground_oil t=0.024 oil=0.000010
2026-01-19 10:25:26,692 - INFO - oil_simulation - fishing_ground_oil t=0.026 oil=0.000010
2026-01-19 10:25:26,743 - INFO - oil_simulation - fishing_ground_oil t=0.027 oil=0.000011
2026-01-19 10:25:26,798 - INFO - oil_simulation - fishing_ground_oil t=0.029 oil=0.000011
2026-01-19 10:25:26,849 - INFO - oil_simulation - fishing_ground_oil t=0.030 oil=0.000011
2026-01-19 10:25:26,901 - INFO - oil_simulation - fishing_ground_oil t=0.032 oil=0.000012
2026-01-19 10:25:26,954 - INFO - oil_simulation - fishing_ground_oil t=0.034 oil=0.000012
2026-01-19 10:25:31,415 - INFO - oil_simulation - fishing_ground_oil t=0.035 oil=0.000012
2026-01-19 10:25:31,471 - INFO - oil_simulation - fishing_ground_oil t=0.037 oil=0.000013
2026-01-19 10:25:31,522 - INFO - oil_simulation - fishing_ground_oil t=0.038 oil=0.000013
2026-01-19 10:25:31,578 - INFO - oil_simulation - fishing_ground_oil t=0.040 oil=0.000014
2026-01-19 10:25:31,630 - INFO - oil_simulation - fishing_ground_oil t=0.042 oil=0.000014
2026-01-19 10:25:31,685 - INFO - oil_simulation - fishing_ground_oil t=0.043 oil=0.000015
2026-01-19 10:25:31,738 - INFO - oil_simulation - fishing_ground_oil t=0.045 oil=0.000015
2026-01-19 10:25:31,795 - INFO - oil_simulation - fishing_ground_oil t=0.046 oil=0.000016
2026-01-19 10:25:31,849 - INFO - oil_simulation - fishing_ground_oil t=0.048 oil=0.000016
2026-01-19 10:25:31,915 - INFO - oil_simulation - fishing_ground_oil t=0.050 oil=0.000017
2026-01-19 10:25:31,999 - INFO - oil_simulation - fishing_ground_oil t=0.051 oil=0.000017
2026-01-19 10:25:32,073 - INFO - oil_simulation - fishing_ground_oil t=0.053 oil=0.000018
2026-01-19 10:25:32,128 - INFO - oil_simulation - fishing_ground_oil t=0.054 oil=0.000018
2026-01-19 10:25:32,181 - INFO - oil_simulation - fishing_ground_oil t=0.056 oil=0.000019
2026-01-19 10:25:32,231 - INFO - oil_simulation - fishing_ground_oil t=0.058 oil=0.000020
2026-01-19 10:25:32,285 - INFO - oil_simulation - fishing_ground_oil t=0.059 oil=0.000020
2026-01-19 10:25:32,335 - INFO - oil_simulation - fishing_ground_oil t=0.061 oil=0.000021
2026-01-19 10:25:32,388 - INFO - oil_simulation - fishing_ground_oil t=0.062 oil=0.000022
2026-01-19 10:25:32,439 - INFO - oil_simulation - fishing_ground_oil t=0.064 oil=0.000022
2026-01-19 10:25:32,492 - INFO - oil_simulation - fishing_ground_oil t=0.066 oil=0.000023
2026-01-19 10:25:36,940 - INFO - oil_simulation - fishing_ground_oil t=0.067 oil=0.000024
2026-01-19 10:25:36,993 - INFO - oil_simulation - fishing_ground_oil t=0.069 oil=0.000025
2026-01-19 10:25:37,045 - INFO - oil_simulation - fishing_ground_oil t=0.070 oil=0.000025
2026-01-19 10:25:37,100 - INFO - oil_simulation - fishing_ground_oil t=0.072 oil=0.000026
2026-01-19 10:25:37,151 - INFO - oil_simulation - fishing_ground_oil t=0.074 oil=0.000027
2026-01-19 10:25:37,203 - INFO - oil_simulation - fishing_ground_oil t=0.075 oil=0.000028
2026-01-19 10:25:37,254 - INFO - oil_simulation - fishing_ground_oil t=0.077 oil=0.000029
2026-01-19 10:25:37,307 - INFO - oil_simulation - fishing_ground_oil t=0.078 oil=0.000030
2026-01-19 10:25:37,357 - INFO - oil_simulation - fishing_ground_oil t=0.080 oil=0.000030
2026-01-19 10:25:37,411 - INFO - oil_simulation - fishing_ground_oil t=0.082 oil=0.000031
2026-01-19 10:25:37,482 - INFO - oil_simulation - fishing_ground_oil t=0.083 oil=0.000032
2026-01-19 10:25:37,564 - INFO - oil_simulation - fishing_ground_oil t=0.085 oil=0.000033
2026-01-19 10:25:37,637 - INFO - oil_simulation - fishing_ground_oil t=0.086 oil=0.000034
2026-01-19 10:25:37,693 - INFO - oil_simulation - fishing_ground_oil t=0.088 oil=0.000035
2026-01-19 10:25:37,744 - INFO - oil_simulation - fishing_ground_oil t=0.090 oil=0.000037
2026-01-19 10:25:37,813 - INFO - oil_simulation - fishing_ground_oil t=0.091 oil=0.000038
2026-01-19 10:25:37,871 - INFO - oil_simulation - fishing_ground_oil t=0.093 oil=0.000039
2026-01-19 10:25:37,929 - INFO - oil_simulation - fishing_ground_oil t=0.094 oil=0.000040
2026-01-19 10:25:37,981 - INFO - oil_simulation - fishing_ground_oil t=0.096 oil=0.000041
2026-01-19 10:25:38,033 - INFO - oil_simulation - fishing_ground_oil t=0.098 oil=0.000042
2026-01-19 10:25:42,495 - INFO - oil_simulation - fishing_ground_oil t=0.099 oil=0.000044
2026-01-19 10:25:42,548 - INFO - oil_simulation - fishing_ground_oil t=0.101 oil=0.000045
2026-01-19 10:25:42,600 - INFO - oil_simulation - fishing_ground_oil t=0.102 oil=0.000046
2026-01-19 10:25:42,651 - INFO - oil_simulation - fishing_ground_oil t=0.104 oil=0.000048
2026-01-19 10:25:42,704 - INFO - oil_simulation - fishing_ground_oil t=0.106 oil=0.000049
2026-01-19 10:25:42,757 - INFO - oil_simulation - fishing_ground_oil t=0.107 oil=0.000050
2026-01-19 10:25:42,813 - INFO - oil_simulation - fishing_ground_oil t=0.109 oil=0.000052
2026-01-19 10:25:42,865 - INFO - oil_simulation - fishing_ground_oil t=0.110 oil=0.000053
2026-01-19 10:25:42,916 - INFO - oil_simulation - fishing_ground_oil t=0.112 oil=0.000055
2026-01-19 10:25:42,968 - INFO - oil_simulation - fishing_ground_oil t=0.114 oil=0.000056
2026-01-19 10:25:43,063 - INFO - oil_simulation - fishing_ground_oil t=0.115 oil=0.000058
2026-01-19 10:25:43,151 - INFO - oil_simulation - fishing_ground_oil t=0.117 oil=0.000060
2026-01-19 10:25:43,216 - INFO - oil_simulation - fishing_ground_oil t=0.118 oil=0.000061
2026-01-19 10:25:43,272 - INFO - oil_simulation - fishing_ground_oil t=0.120 oil=0.000063
2026-01-19 10:25:43,402 - INFO - oil_simulation - fishing_ground_oil t=0.122 oil=0.000065
2026-01-19 10:25:43,493 - INFO - oil_simulation - fishing_ground_oil t=0.123 oil=0.000067
2026-01-19 10:25:43,549 - INFO - oil_simulation - fishing_ground_oil t=0.125 oil=0.000069
2026-01-19 10:25:43,600 - INFO - oil_simulation - fishing_ground_oil t=0.126 oil=0.000071
2026-01-19 10:25:43,657 - INFO - oil_simulation - fishing_ground_oil t=0.128 oil=0.000073
2026-01-19 10:25:43,709 - INFO - oil_simulation - fishing_ground_oil t=0.130 oil=0.000075
2026-01-19 10:25:48,193 - INFO - oil_simulation - fishing_ground_oil t=0.131 oil=0.000077
2026-01-19 10:25:48,244 - INFO - oil_simulation - fishing_ground_oil t=0.133 oil=0.000079
2026-01-19 10:25:48,299 - INFO - oil_simulation - fishing_ground_oil t=0.134 oil=0.000081
2026-01-19 10:25:48,351 - INFO - oil_simulation - fishing_ground_oil t=0.136 oil=0.000083
2026-01-19 10:25:48,405 - INFO - oil_simulation - fishing_ground_oil t=0.138 oil=0.000085
2026-01-19 10:25:48,459 - INFO - oil_simulation - fishing_ground_oil t=0.139 oil=0.000088
2026-01-19 10:25:48,513 - INFO - oil_simulation - fishing_ground_oil t=0.141 oil=0.000090
2026-01-19 10:25:48,566 - INFO - oil_simulation - fishing_ground_oil t=0.142 oil=0.000092
2026-01-19 10:25:48,621 - INFO - oil_simulation - fishing_ground_oil t=0.144 oil=0.000095
2026-01-19 10:25:48,693 - INFO - oil_simulation - fishing_ground_oil t=0.146 oil=0.000097
2026-01-19 10:25:48,792 - INFO - oil_simulation - fishing_ground_oil t=0.147 oil=0.000100
2026-01-19 10:25:48,889 - INFO - oil_simulation - fishing_ground_oil t=0.149 oil=0.000103
2026-01-19 10:25:48,949 - INFO - oil_simulation - fishing_ground_oil t=0.150 oil=0.000105
2026-01-19 10:25:49,011 - INFO - oil_simulation - fishing_ground_oil t=0.152 oil=0.000108
2026-01-19 10:25:49,072 - INFO - oil_simulation - fishing_ground_oil t=0.154 oil=0.000111
2026-01-19 10:25:49,141 - INFO - oil_simulation - fishing_ground_oil t=0.155 oil=0.000114
2026-01-19 10:25:49,193 - INFO - oil_simulation - fishing_ground_oil t=0.157 oil=0.000117
2026-01-19 10:25:49,244 - INFO - oil_simulation - fishing_ground_oil t=0.158 oil=0.000120
2026-01-19 10:25:49,299 - INFO - oil_simulation - fishing_ground_oil t=0.160 oil=0.000123
2026-01-19 10:25:49,353 - INFO - oil_simulation - fishing_ground_oil t=0.162 oil=0.000126
2026-01-19 10:25:55,080 - INFO - oil_simulation - fishing_ground_oil t=0.163 oil=0.000129
2026-01-19 10:25:55,179 - INFO - oil_simulation - fishing_ground_oil t=0.165 oil=0.000132
2026-01-19 10:25:55,257 - INFO - oil_simulation - fishing_ground_oil t=0.166 oil=0.000136
2026-01-19 10:25:55,333 - INFO - oil_simulation - fishing_ground_oil t=0.168 oil=0.000139
2026-01-19 10:25:55,407 - INFO - oil_simulation - fishing_ground_oil t=0.170 oil=0.000143
2026-01-19 10:25:55,486 - INFO - oil_simulation - fishing_ground_oil t=0.171 oil=0.000146
2026-01-19 10:25:55,585 - INFO - oil_simulation - fishing_ground_oil t=0.173 oil=0.000150
2026-01-19 10:25:55,667 - INFO - oil_simulation - fishing_ground_oil t=0.174 oil=0.000154
2026-01-19 10:25:55,726 - INFO - oil_simulation - fishing_ground_oil t=0.176 oil=0.000157
2026-01-19 10:25:55,858 - INFO - oil_simulation - fishing_ground_oil t=0.178 oil=0.000161
2026-01-19 10:25:55,977 - INFO - oil_simulation - fishing_ground_oil t=0.179 oil=0.000165
2026-01-19 10:25:56,125 - INFO - oil_simulation - fishing_ground_oil t=0.181 oil=0.000169
2026-01-19 10:25:56,259 - INFO - oil_simulation - fishing_ground_oil t=0.182 oil=0.000173
2026-01-19 10:25:56,345 - INFO - oil_simulation - fishing_ground_oil t=0.184 oil=0.000177
2026-01-19 10:25:56,450 - INFO - oil_simulation - fishing_ground_oil t=0.186 oil=0.000182
2026-01-19 10:25:56,529 - INFO - oil_simulation - fishing_ground_oil t=0.187 oil=0.000186
2026-01-19 10:25:56,587 - INFO - oil_simulation - fishing_ground_oil t=0.189 oil=0.000190
2026-01-19 10:25:56,646 - INFO - oil_simulation - fishing_ground_oil t=0.190 oil=0.000195
2026-01-19 10:25:56,731 - INFO - oil_simulation - fishing_ground_oil t=0.192 oil=0.000200
2026-01-19 10:25:56,841 - INFO - oil_simulation - fishing_ground_oil t=0.194 oil=0.000204
2026-01-19 10:26:02,361 - INFO - oil_simulation - fishing_ground_oil t=0.195 oil=0.000209
2026-01-19 10:26:02,413 - INFO - oil_simulation - fishing_ground_oil t=0.197 oil=0.000214
2026-01-19 10:26:02,466 - INFO - oil_simulation - fishing_ground_oil t=0.198 oil=0.000219
2026-01-19 10:26:02,520 - INFO - oil_simulation - fishing_ground_oil t=0.200 oil=0.000224
2026-01-19 10:26:02,572 - INFO - oil_simulation - fishing_ground_oil t=0.202 oil=0.000229
2026-01-19 10:26:02,636 - INFO - oil_simulation - fishing_ground_oil t=0.203 oil=0.000234
2026-01-19 10:26:02,690 - INFO - oil_simulation - fishing_ground_oil t=0.205 oil=0.000239
2026-01-19 10:26:02,746 - INFO - oil_simulation - fishing_ground_oil t=0.206 oil=0.000245
2026-01-19 10:26:02,799 - INFO - oil_simulation - fishing_ground_oil t=0.208 oil=0.000250
2026-01-19 10:26:02,872 - INFO - oil_simulation - fishing_ground_oil t=0.210 oil=0.000256
2026-01-19 10:26:02,951 - INFO - oil_simulation - fishing_ground_oil t=0.211 oil=0.000262
2026-01-19 10:26:03,006 - INFO - oil_simulation - fishing_ground_oil t=0.213 oil=0.000268
2026-01-19 10:26:03,059 - INFO - oil_simulation - fishing_ground_oil t=0.214 oil=0.000273
2026-01-19 10:26:03,118 - INFO - oil_simulation - fishing_ground_oil t=0.216 oil=0.000279
2026-01-19 10:26:03,184 - INFO - oil_simulation - fishing_ground_oil t=0.218 oil=0.000286
2026-01-19 10:26:03,277 - INFO - oil_simulation - fishing_ground_oil t=0.219 oil=0.000292
2026-01-19 10:26:03,369 - INFO - oil_simulation - fishing_ground_oil t=0.221 oil=0.000298
2026-01-19 10:26:03,456 - INFO - oil_simulation - fishing_ground_oil t=0.222 oil=0.000305
2026-01-19 10:26:03,536 - INFO - oil_simulation - fishing_ground_oil t=0.224 oil=0.000311
2026-01-19 10:26:03,608 - INFO - oil_simulation - fishing_ground_oil t=0.226 oil=0.000318
2026-01-19 10:26:08,402 - INFO - oil_simulation - fishing_ground_oil t=0.227 oil=0.000325
2026-01-19 10:26:08,537 - INFO - oil_simulation - fishing_ground_oil t=0.229 oil=0.000331
2026-01-19 10:26:08,593 - INFO - oil_simulation - fishing_ground_oil t=0.230 oil=0.000338
2026-01-19 10:26:08,646 - INFO - oil_simulation - fishing_ground_oil t=0.232 oil=0.000346
2026-01-19 10:26:08,702 - INFO - oil_simulation - fishing_ground_oil t=0.234 oil=0.000353
2026-01-19 10:26:08,754 - INFO - oil_simulation - fishing_ground_oil t=0.235 oil=0.000360
2026-01-19 10:26:08,809 - INFO - oil_simulation - fishing_ground_oil t=0.237 oil=0.000368
2026-01-19 10:26:08,872 - INFO - oil_simulation - fishing_ground_oil t=0.238 oil=0.000375
2026-01-19 10:26:08,930 - INFO - oil_simulation - fishing_ground_oil t=0.240 oil=0.000383
2026-01-19 10:26:08,982 - INFO - oil_simulation - fishing_ground_oil t=0.242 oil=0.000391
2026-01-19 10:26:09,036 - INFO - oil_simulation - fishing_ground_oil t=0.243 oil=0.000399
2026-01-19 10:26:09,091 - INFO - oil_simulation - fishing_ground_oil t=0.245 oil=0.000407
2026-01-19 10:26:09,147 - INFO - oil_simulation - fishing_ground_oil t=0.246 oil=0.000415
2026-01-19 10:26:09,200 - INFO - oil_simulation - fishing_ground_oil t=0.248 oil=0.000423
2026-01-19 10:26:09,252 - INFO - oil_simulation - fishing_ground_oil t=0.250 oil=0.000432
2026-01-19 10:26:09,310 - INFO - oil_simulation - fishing_ground_oil t=0.251 oil=0.000440
2026-01-19 10:26:09,363 - INFO - oil_simulation - fishing_ground_oil t=0.253 oil=0.000449
2026-01-19 10:26:09,415 - INFO - oil_simulation - fishing_ground_oil t=0.254 oil=0.000458
2026-01-19 10:26:09,467 - INFO - oil_simulation - fishing_ground_oil t=0.256 oil=0.000466
2026-01-19 10:26:09,519 - INFO - oil_simulation - fishing_ground_oil t=0.258 oil=0.000476
2026-01-19 10:26:14,079 - INFO - oil_simulation - fishing_ground_oil t=0.259 oil=0.000485
2026-01-19 10:26:14,141 - INFO - oil_simulation - fishing_ground_oil t=0.261 oil=0.000494
2026-01-19 10:26:14,194 - INFO - oil_simulation - fishing_ground_oil t=0.262 oil=0.000504
2026-01-19 10:26:14,254 - INFO - oil_simulation - fishing_ground_oil t=0.264 oil=0.000513
2026-01-19 10:26:14,306 - INFO - oil_simulation - fishing_ground_oil t=0.266 oil=0.000523
2026-01-19 10:26:14,359 - INFO - oil_simulation - fishing_ground_oil t=0.267 oil=0.000533
2026-01-19 10:26:14,412 - INFO - oil_simulation - fishing_ground_oil t=0.269 oil=0.000543
2026-01-19 10:26:14,464 - INFO - oil_simulation - fishing_ground_oil t=0.270 oil=0.000553
2026-01-19 10:26:14,516 - INFO - oil_simulation - fishing_ground_oil t=0.272 oil=0.000563
2026-01-19 10:26:14,576 - INFO - oil_simulation - fishing_ground_oil t=0.274 oil=0.000573
2026-01-19 10:26:14,646 - INFO - oil_simulation - fishing_ground_oil t=0.275 oil=0.000584
2026-01-19 10:26:14,699 - INFO - oil_simulation - fishing_ground_oil t=0.277 oil=0.000595
2026-01-19 10:26:14,753 - INFO - oil_simulation - fishing_ground_oil t=0.278 oil=0.000605
2026-01-19 10:26:14,804 - INFO - oil_simulation - fishing_ground_oil t=0.280 oil=0.000616
2026-01-19 10:26:14,858 - INFO - oil_simulation - fishing_ground_oil t=0.282 oil=0.000627
2026-01-19 10:26:14,910 - INFO - oil_simulation - fishing_ground_oil t=0.283 oil=0.000639
2026-01-19 10:26:14,963 - INFO - oil_simulation - fishing_ground_oil t=0.285 oil=0.000650
2026-01-19 10:26:15,014 - INFO - oil_simulation - fishing_ground_oil t=0.286 oil=0.000662
2026-01-19 10:26:15,068 - INFO - oil_simulation - fishing_ground_oil t=0.288 oil=0.000673
2026-01-19 10:26:15,127 - INFO - oil_simulation - fishing_ground_oil t=0.290 oil=0.000685
2026-01-19 10:26:19,774 - INFO - oil_simulation - fishing_ground_oil t=0.291 oil=0.000697
2026-01-19 10:26:19,826 - INFO - oil_simulation - fishing_ground_oil t=0.293 oil=0.000709
2026-01-19 10:26:19,878 - INFO - oil_simulation - fishing_ground_oil t=0.294 oil=0.000721
2026-01-19 10:26:19,929 - INFO - oil_simulation - fishing_ground_oil t=0.296 oil=0.000734
2026-01-19 10:26:19,981 - INFO - oil_simulation - fishing_ground_oil t=0.298 oil=0.000746
2026-01-19 10:26:20,031 - INFO - oil_simulation - fishing_ground_oil t=0.299 oil=0.000759
2026-01-19 10:26:20,082 - INFO - oil_simulation - fishing_ground_oil t=0.301 oil=0.000772
2026-01-19 10:26:20,152 - INFO - oil_simulation - fishing_ground_oil t=0.302 oil=0.000785
2026-01-19 10:26:20,208 - INFO - oil_simulation - fishing_ground_oil t=0.304 oil=0.000798
2026-01-19 10:26:20,259 - INFO - oil_simulation - fishing_ground_oil t=0.306 oil=0.000811
2026-01-19 10:26:20,383 - INFO - oil_simulation - fishing_ground_oil t=0.307 oil=0.000824
2026-01-19 10:26:20,457 - INFO - oil_simulation - fishing_ground_oil t=0.309 oil=0.000838
2026-01-19 10:26:20,512 - INFO - oil_simulation - fishing_ground_oil t=0.310 oil=0.000852
2026-01-19 10:26:20,562 - INFO - oil_simulation - fishing_ground_oil t=0.312 oil=0.000865
2026-01-19 10:26:20,621 - INFO - oil_simulation - fishing_ground_oil t=0.314 oil=0.000879
2026-01-19 10:26:20,673 - INFO - oil_simulation - fishing_ground_oil t=0.315 oil=0.000893
2026-01-19 10:26:20,728 - INFO - oil_simulation - fishing_ground_oil t=0.317 oil=0.000908
2026-01-19 10:26:20,780 - INFO - oil_simulation - fishing_ground_oil t=0.318 oil=0.000922
2026-01-19 10:26:20,833 - INFO - oil_simulation - fishing_ground_oil t=0.320 oil=0.000937
2026-01-19 10:26:20,886 - INFO - oil_simulation - fishing_ground_oil t=0.322 oil=0.000951
2026-01-19 10:26:26,641 - INFO - oil_simulation - fishing_ground_oil t=0.323 oil=0.000966
2026-01-19 10:26:26,708 - INFO - oil_simulation - fishing_ground_oil t=0.325 oil=0.000981
2026-01-19 10:26:26,765 - INFO - oil_simulation - fishing_ground_oil t=0.326 oil=0.000997
2026-01-19 10:26:26,853 - INFO - oil_simulation - fishing_ground_oil t=0.328 oil=0.001012
2026-01-19 10:26:26,936 - INFO - oil_simulation - fishing_ground_oil t=0.330 oil=0.001027
2026-01-19 10:26:26,991 - INFO - oil_simulation - fishing_ground_oil t=0.331 oil=0.001043
2026-01-19 10:26:27,043 - INFO - oil_simulation - fishing_ground_oil t=0.333 oil=0.001059
2026-01-19 10:26:27,158 - INFO - oil_simulation - fishing_ground_oil t=0.334 oil=0.001075
2026-01-19 10:26:27,243 - INFO - oil_simulation - fishing_ground_oil t=0.336 oil=0.001091
2026-01-19 10:26:27,297 - INFO - oil_simulation - fishing_ground_oil t=0.338 oil=0.001107
2026-01-19 10:26:27,372 - INFO - oil_simulation - fishing_ground_oil t=0.339 oil=0.001123
2026-01-19 10:26:27,444 - INFO - oil_simulation - fishing_ground_oil t=0.341 oil=0.001140
2026-01-19 10:26:27,541 - INFO - oil_simulation - fishing_ground_oil t=0.342 oil=0.001156
2026-01-19 10:26:27,625 - INFO - oil_simulation - fishing_ground_oil t=0.344 oil=0.001173
2026-01-19 10:26:27,712 - INFO - oil_simulation - fishing_ground_oil t=0.346 oil=0.001190
2026-01-19 10:26:27,790 - INFO - oil_simulation - fishing_ground_oil t=0.347 oil=0.001207
2026-01-19 10:26:27,868 - INFO - oil_simulation - fishing_ground_oil t=0.349 oil=0.001224
2026-01-19 10:26:27,940 - INFO - oil_simulation - fishing_ground_oil t=0.350 oil=0.001241
2026-01-19 10:26:28,015 - INFO - oil_simulation - fishing_ground_oil t=0.352 oil=0.001259
2026-01-19 10:26:28,136 - INFO - oil_simulation - fishing_ground_oil t=0.354 oil=0.001277
2026-01-19 10:26:33,438 - INFO - oil_simulation - fishing_ground_oil t=0.355 oil=0.001294
2026-01-19 10:26:33,490 - INFO - oil_simulation - fishing_ground_oil t=0.357 oil=0.001312
2026-01-19 10:26:33,542 - INFO - oil_simulation - fishing_ground_oil t=0.358 oil=0.001330
2026-01-19 10:26:33,592 - INFO - oil_simulation - fishing_ground_oil t=0.360 oil=0.001348
2026-01-19 10:26:33,645 - INFO - oil_simulation - fishing_ground_oil t=0.362 oil=0.001367
2026-01-19 10:26:33,696 - INFO - oil_simulation - fishing_ground_oil t=0.363 oil=0.001385
2026-01-19 10:26:33,749 - INFO - oil_simulation - fishing_ground_oil t=0.365 oil=0.001404
2026-01-19 10:26:33,835 - INFO - oil_simulation - fishing_ground_oil t=0.366 oil=0.001423
2026-01-19 10:26:33,956 - INFO - oil_simulation - fishing_ground_oil t=0.368 oil=0.001441
2026-01-19 10:26:34,068 - INFO - oil_simulation - fishing_ground_oil t=0.370 oil=0.001460
2026-01-19 10:26:34,143 - INFO - oil_simulation - fishing_ground_oil t=0.371 oil=0.001480
2026-01-19 10:26:34,200 - INFO - oil_simulation - fishing_ground_oil t=0.373 oil=0.001499
2026-01-19 10:26:34,252 - INFO - oil_simulation - fishing_ground_oil t=0.374 oil=0.001518
2026-01-19 10:26:34,304 - INFO - oil_simulation - fishing_ground_oil t=0.376 oil=0.001538
2026-01-19 10:26:34,357 - INFO - oil_simulation - fishing_ground_oil t=0.378 oil=0.001557
2026-01-19 10:26:34,424 - INFO - oil_simulation - fishing_ground_oil t=0.379 oil=0.001577
2026-01-19 10:26:34,537 - INFO - oil_simulation - fishing_ground_oil t=0.381 oil=0.001597
2026-01-19 10:26:34,654 - INFO - oil_simulation - fishing_ground_oil t=0.382 oil=0.001617
2026-01-19 10:26:34,759 - INFO - oil_simulation - fishing_ground_oil t=0.384 oil=0.001637
2026-01-19 10:26:34,857 - INFO - oil_simulation - fishing_ground_oil t=0.386 oil=0.001658
2026-01-19 10:26:40,494 - INFO - oil_simulation - fishing_ground_oil t=0.387 oil=0.001678
2026-01-19 10:26:40,548 - INFO - oil_simulation - fishing_ground_oil t=0.389 oil=0.001698
2026-01-19 10:26:40,602 - INFO - oil_simulation - fishing_ground_oil t=0.390 oil=0.001719
2026-01-19 10:26:40,660 - INFO - oil_simulation - fishing_ground_oil t=0.392 oil=0.001740
2026-01-19 10:26:40,723 - INFO - oil_simulation - fishing_ground_oil t=0.394 oil=0.001761
2026-01-19 10:26:40,784 - INFO - oil_simulation - fishing_ground_oil t=0.395 oil=0.001782
2026-01-19 10:26:40,842 - INFO - oil_simulation - fishing_ground_oil t=0.397 oil=0.001803
2026-01-19 10:26:40,897 - INFO - oil_simulation - fishing_ground_oil t=0.398 oil=0.001824
2026-01-19 10:26:40,955 - INFO - oil_simulation - fishing_ground_oil t=0.400 oil=0.001845
2026-01-19 10:26:40,956 - INFO - oil_simulation - Simulation summary:
2026-01-19 10:26:40,956 - INFO - oil_simulation -   t_end=0.400000
2026-01-19 10:26:40,956 - INFO - oil_simulation -   final_fishing_ground_oil=1.845292960195e-03
2026-01-19 10:26:40,956 - INFO - oil_simulation - Simulation summary (from main):
2026-01-19 10:26:40,956 - INFO - oil_simulation -   final_fishing_ground_oil = 1.845292960195e-03
